* Checking for deprecated package usage... OK
* Checking for remote package usage... OK
* Checking for 'LazyData: true' usage... OK
* Checking version number... OK
* Checking version number validity...
* WARNING: y of x.y.z version should be even in release
* Checking R version dependency... OK
* Checking package size... OK
* Checking individual file sizes...
* WARNING: Package files exceed the 5MB size limit.
Files over the limit: 
/Users/apico/git/wikipathways/rWikiPathways/.git/objects/pack/pack-843c3c107dd9442f12de8ad4a6b17fa9b10c3bbd.pack
/Users/apico/git/wikipathways/rWikiPathways/.git/objects/pack/pack-843c3c107dd9442f12de8ad4a6b17fa9b10c3bbd.pack
/Users/apico/git/wikipathways/rWikiPathways/.git/objects/pack/pack-843c3c107dd9442f12de8ad4a6b17fa9b10c3bbd.pack
* Checking biocViews... OK
* Checking that biocViews are present... OK
* Checking package type based on biocViews... OK
* Checking for non-trivial biocViews... OK
* Checking that biocViews come from the same category... OK
* Checking biocViews validity... OK
* Checking for recommended biocViews... OK
* Checking build system compatibility... OK
* Checking for blank lines in DESCRIPTION... OK
* Checking if DESCRIPTION is well formatted... OK
* Checking for proper Description: field...
* NOTE: The Description field in the DESCRIPTION is made up by less than 3 sentences. Please consider expanding this field, and
structure it as a full paragraph
* Checking for whitespace in DESCRIPTION field names... OK
* Checking that Package field matches directory/tarball name... OK
* Checking for Version field... OK
* Checking for valid maintainer... OK
* Checking License: for restrictive use... OK
* Checking for pinned package versions... OK
* Checking DESCRIPTION/NAMESPACE consistency...
* WARNING: Import tidyverse, magrittr in NAMESPACE as well as DESCRIPTION.
* Checking .Rbuildignore... OK
* Checking for stray BiocCheck output folders... OK
* Checking for inst/doc folders... OK
* Checking vignette directory...
* ERROR: Installation calls found in vignette(s)
Found in files:
vignettes/Overview.Rmd (code line 10, column 9)
vignettes/Overview.Rmd (code line 11, column 18)
vignettes/Pathway-Analysis.Rmd (code line 10, column 9)
vignettes/Pathway-Analysis.Rmd (code line 11, column 18)
vignettes/Pathway-Analysis.Rmd (code line 32, column 25)
vignettes/rWikiPathways-and-BridgeDbR.Rmd (code line 10, column 9)
vignettes/rWikiPathways-and-BridgeDbR.Rmd (code line 11, column 18)
vignettes/rWikiPathways-and-BridgeDbR.Rmd (code line 16, column 9)
vignettes/rWikiPathways-and-BridgeDbR.Rmd (code line 17, column 18)
vignettes/rWikiPathways-and-RCy3.Rmd (code line 10, column 9)
vignettes/rWikiPathways-and-RCy3.Rmd (code line 11, column 18)
vignettes/rWikiPathways-and-RCy3.Rmd (code line 17, column 9)
vignettes/rWikiPathways-and-RCy3.Rmd (code line 18, column 18)
vignettes/Overview.Rmd (code line 10, column 9)
vignettes/Pathway-Analysis.Rmd (code line 10, column 9)
vignettes/Pathway-Analysis.Rmd (code line 32, column 25)
vignettes/Pathway-Analysis.Rmd (code line 48, column 1)
vignettes/Pathway-Analysis.Rmd (code line 49, column 1)
vignettes/Pathway-Analysis.Rmd (code line 50, column 1)
vignettes/Pathway-Analysis.Rmd (code line 51, column 1)
vignettes/rWikiPathways-and-BridgeDbR.Rmd (code line 10, column 9)
vignettes/rWikiPathways-and-BridgeDbR.Rmd (code line 16, column 9)
vignettes/rWikiPathways-and-RCy3.Rmd (code line 10, column 9)
vignettes/rWikiPathways-and-RCy3.Rmd (code line 17, column 9)
* NOTE:  'sessionInfo' not found in vignette(s)
Missing from file(s):
vignettes/Overview.Rmd
vignettes/rWikiPathways-and-BridgeDbR.Rmd
vignettes/rWikiPathways-and-RCy3.Rmd
* Checking package installation calls in R code... OK
* Checking for library/require of rWikiPathways... OK
* Checking coding practice...
* NOTE:  Avoid 1:...; use seq_len() or seq_along()
Found in files:
listCommunities.R (line 16, column 25)
readGMT.R (line 23, column 32)
readPathwayGMT.R (line 27, column 30)
* NOTE:  Avoid using '=' for assignment and use '<-' instead
Found in files:
R/utilities.R (line 87, column 12)
R/utilities.R (line 89, column 13)
R/utilities.R (line 90, column 16)
R/writeGMT.R (line 45, column 15)
R/writeGMT.R (line 48, column  9)
* Checking parsed R code in R directory, examples, vignettes...
* NOTE: Use accessors; don't access S4 class slots via '@' in examples/vignettes.
* Checking function lengths... OK
* Checking man page documentation...
* NOTE: Consider adding runnable examples to man pages that document exported objects.
downloadPathwayArchive.Rd
getPathwayHistory.Rd
readGMT.Rd
readGMTnames.Rd
readPathwayGMT.Rd
writeGMT.Rd
* NOTE: Usage of dontrun{} / donttest{} tags found in man page examples. 11% of man pages use at least one of these tags.
Found in files:
downloadPathwayArchive.Rd
getPathwayHistory.Rd
readGMT.Rd
readGMTnames.Rd
readPathwayGMT.Rd
writeGMT.Rd
* Checking package NEWS... OK
* Checking unit tests... OK
* Checking skip_on_bioc() in tests... OK
* Checking formatting of DESCRIPTION, NAMESPACE, man pages, R source, and vignette source...
* NOTE: Consider shorter lines; 212 lines (6%) are > 80 characters long.
First few lines:
R/downloadPathwayArchive.R#L  4 #' @description Access the monthly archi...
R/downloadPathwayArchive.R#L 19 #' #downloadPathwayArchive(date="2023071...
R/downloadPathwayArchive.R#L 27 downloadPathwayArchive <- function(date=...
R/downloadPathwayArchive.R#L 40             stop('The organism must matc...
R/downloadPathwayArchive.R#L 45             data.url <- getURL(paste0('h...
R/downloadPathwayArchive.R#L 46                                followloc...
R/downloadPathwayArchive.R#L 50                 stop ('Could not find a ...
R/downloadPathwayArchive.R#L 55             filename <- paste0(paste('wi...
R/downloadPathwayArchive.R#L 57         url <- paste('https://data.wikip...
R/findPathwaysByLiterature.R#L 21     res <- rjson::fromJSON(file="https:/...
R/findPathwaysByLiterature.R#L 27         dplyr::filter(any(grepl(tolower(...
R/findPathwaysByOrcid.R#L 18     res <- rjson::fromJSON(file="https:/...
R/findPathwaysByText.R#L 23     res <- rjson::fromJSON(file="https:/...
R/findPathwaysByText.R#L 33             dplyr::filter(any(grepl(tolo...
R/findPathwaysByXref.R#L 25     res <- rjson::fromJSON(file="https:/...
R/findPathwaysByXref.R#L 41             dplyr::filter(grepl(tolower(...
R/getCurationStatus.R#L  4 #' @description Retrieve information abo...
R/getCurationStatus.R#L 16         file=paste0("https://www.wikipat...
R/getCurationStatus.R#L 26 #' @param pathway WikiPathways identifie...
R/getCurationStatus.R#L 27 #' @return A \code{list} of tag name, di...
R/getCurationStatus.R#L 44 #' @param pathway WikiPathways identifie...
R/getCurationStatus.R#L 61 #' @param tag (\code{character}) Officia...
R/getCurationStatus.R#L 62 #' @return A \code{list} of tag name, di...
R/getCurationStatus.R#L 79 #' @param tag (\code{character}) Officia...
R/getCurationStatus.R#L 80 #' @return A \code{list} of pathway info...
R/getCurationStatus.R#L 88     pathway.list <- lapply(getEveryCurat...
R/getCurationStatus.R#L 97 #' @param tag (\code{character}) Officia...
R/getCurationStatus.R#L106     p.info.list <- lapply(getEveryCurati...
R/getOntologyTerms.R#L  4 #' @description Retrieve information abo...
R/getOntologyTerms.R#L 13     res <- rjson::fromJSON(file="https:/...
R/getOntologyTerms.R#L 28 #' @param pathway WikiPathways identifie...
R/getOntologyTerms.R#L 42 #' @param pathway WikiPathways identifie...
R/getOntologyTerms.R#L 56 #' @description Retrieve pathway informa...
R/getOntologyTerms.R#L 57 #' @param term (\code{character}) Offici...
R/getOntologyTerms.R#L 64     res <- rjson::fromJSON(file="https:/...
R/getOntologyTerms.R#L 78 #' @description Retrieve pathway WPIDs f...
R/getOntologyTerms.R#L 79 #' @param term (\code{character}) Offici...
R/getOntologyTerms.R#L 92 #' @description Retrieve pathway informa...
R/getOntologyTerms.R#L 93 #' @param term (\code{character}) Offici...
R/getOntologyTerms.R#L100     res <- rjson::fromJSON(file="https:/...
R/getOntologyTerms.R#L114 #' @description Retrieve pathway WPIDs f...
R/getOntologyTerms.R#L115 #' @param term (\code{character}) Offici...
R/getPathway.R#L 17     res <- httr::GET(paste0("https://www...
R/getPathwayHistory.R#L 16     browseURL(paste0("https://github.com...
R/getPathwayInfo.R#L 14     res <- rjson::fromJSON(file="https:/...
R/getRecentChanges.R#L 18     res <- rjson::fromJSON(file="https:/...
R/getRecentChanges.R#L 49 #' @return A \code{list} of pathway name...
R/getXrefList.R#L 40     res <- readr::read_tsv(paste0("https...
R/listCommunities.R#L 12     res <- rjson::fromJSON(file="https:/...
R/listCommunities.R#L 36     res <- rjson::fromJSON(file="https:/...
R/listOrganisms.R#L 12     res <- rjson::fromJSON(file="https:/...
R/listPathways.R#L 15     res <- rjson::fromJSON(file="https:/...
R/readGMT.R#L 43 #' #readGMTnames(system.file("extdata","...
R/readPathwayGMT.R#L 32   wp2gene <- tidyr::separate(wp2gene, pa...
R/utilities.R#L  2 # Utility functions used by more than on...
R/utilities.R#L  3 # should not be exported, nor visible to...
R/utilities.R#L 52 wikipathwaysGET <- function(operation, p...
R/utilities.R#L 69         write(sprintf("rwikipathways::wi...
R/writeGMT.R#L 38         message(paste0("Concatenating th...
man/downloadPathwayArchive.Rd#L 41 #downloadPathwayArchive(date="20230710",...
man/getCurationTagNames.Rd#L 10 \item{pathway}{WikiPathways identifier (...
man/getCurationTags.Rd#L 10 \item{pathway}{WikiPathways identifier (...
man/getEveryCurationTag.Rd#L 10 \item{tag}{(\code{character}) Official n...
man/getOntologyTermIds.Rd#L 10 \item{pathway}{WikiPathways identifier (...
man/getOntologyTermNames.Rd#L 10 \item{pathway}{WikiPathways identifier (...
man/getPathwayIdsByCurationTag.Rd#L 10 \item{tag}{(\code{character}) Official n...
man/getPathwayIdsByParentOntologyTerm.Rd#L 10 \item{term}{(\code{character}) Official ...
man/getPathwayIdsByParentOntologyTerm.Rd#L 16 Retrieve pathway WPIDs for every pathway...
man/getPathwaysByCurationTag.Rd#L 10 \item{tag}{(\code{character}) Official n...
man/getPathwaysByCurationTag.Rd#L 13 A \code{list} of pathway information, in...
man/getPathwaysByParentOntologyTerm.Rd#L 10 \item{term}{(\code{character}) Official ...
man/getPathwaysByParentOntologyTerm.Rd#L 16 Retrieve pathway information for every p...
man/getRecentChangesNames.Rd#L 14 A \code{list} of pathway names. Note: pa...
vignettes/Overview.Rmd#L 32 *WikiPathways* is a well-known repositor...
vignettes/Overview.Rmd#L 34 **R** is a powerful programming language...
vignettes/Overview.Rmd#L 36 *rWikiPathways* leverages the WikiPathwa...
vignettes/Overview.Rmd#L 40 All you need is this **rWikiPathways** p...
vignettes/Overview.Rmd#L 53 Lets first get oriented with what WikiPa...
vignettes/Overview.Rmd#L 59 You should see 30 or more species listed...
vignettes/Overview.Rmd#L 74 Ok. The help docs tell us that for each ...
vignettes/Overview.Rmd#L 82 These return simple lists containing jus...
vignettes/Overview.Rmd#L 84 Finally, there's another way to find pat...
vignettes/Overview.Rmd#L 87 With **rWikiPathways**, the approach is ...
vignettes/Overview.Rmd#L 94 Ack! That's a lot of information. We pro...
vignettes/Overview.Rmd#L102 *Be aware*: a simple *length* function m...
vignettes/Overview.Rmd#L106 At this point, we should have one or mor...
vignettes/Overview.Rmd#L109 First off, we can get information about ...
vignettes/Overview.Rmd#L115 Next, we can get all the Xrefs contained...
vignettes/Overview.Rmd#L126 And, if we want the metabolites, drugs a...
vignettes/Overview.Rmd#L136 We also provide methods for retrieving p...
vignettes/Overview.Rmd#L142 WikiPathways also provides a monthly dat...
vignettes/Overview.Rmd#L148 This will simply open the archive in you...
vignettes/Overview.Rmd#L154 And if you might want to specify an arch...
vignettes/Overview.Rmd#L157     downloadPathwayArchive(date="2017101...
vignettes/Overview.Rmd#L162 That's an overview of the **rWikiPathway...
vignettes/Pathway-Analysis.Rmd#L 24 This vignette will cover a wide range of...
vignettes/Pathway-Analysis.Rmd#L 37 We will be using a diverse set of R pack...
vignettes/Pathway-Analysis.Rmd#L 39 *As with most installations, you may be ...
vignettes/Pathway-Analysis.Rmd#L 61     print("SUCCESS: You have successfull...
vignettes/Pathway-Analysis.Rmd#L 63     cat("ERROR: One or more libraries fa...
vignettes/Pathway-Analysis.Rmd#L 68 The **RCy3** package is used to connect ...
vignettes/Pathway-Analysis.Rmd#L 75 cytoscapePing()  #this will tell you if ...
vignettes/Pathway-Analysis.Rmd#L 78 For this vignette, you'll also need a co...
vignettes/Pathway-Analysis.Rmd#L 92 In this vignette, we will be performing ...
vignettes/Pathway-Analysis.Rmd#L 94 Working with pathways opens up unique an...
vignettes/Pathway-Analysis.Rmd#L 97 The format of this lung cancer dataset s...
vignettes/Pathway-Analysis.Rmd#L 99 lung.expr <- read.csv(system.file("extda...
vignettes/Pathway-Analysis.Rmd#L104 Now let's prepare up- and down-regulated...
vignettes/Pathway-Analysis.Rmd#L112 With our gene sets in hand, we are ready...
vignettes/Pathway-Analysis.Rmd#L114 up.genes.entrez <- clusterProfiler::bitr...
vignettes/Pathway-Analysis.Rmd#L119 Note that conversions are rarely 100% co...
vignettes/Pathway-Analysis.Rmd#L121 Here's the complete list of identifiers ...
vignettes/Pathway-Analysis.Rmd#L128 dn.genes.entrez <- bitr(dn.genes,fromTyp...
vignettes/Pathway-Analysis.Rmd#L129 bkgd.genes.entrez <- bitr(bkgd.genes,fro...
vignettes/Pathway-Analysis.Rmd#L133 Ok. *Now* we are ready to perform enrich...
vignettes/Pathway-Analysis.Rmd#L141         pvalueCutoff = 0.05, #p.adjust c...
vignettes/Pathway-Analysis.Rmd#L148 It's done! Does the format and results m...
vignettes/Pathway-Analysis.Rmd#L150 Tables are fine, but we're in R to see p...
vignettes/Pathway-Analysis.Rmd#L157 Check out the [clusterProfiler vignette]...
vignettes/Pathway-Analysis.Rmd#L159 For more control and customization, here...
vignettes/Pathway-Analysis.Rmd#L161 ggplot(egobp[1:20], aes(x=reorder(Descri...
vignettes/Pathway-Analysis.Rmd#L168 Use *str(egobp)* to explore the data str...
vignettes/Pathway-Analysis.Rmd#L171 We can create an enrichment map with the...
vignettes/Pathway-Analysis.Rmd#L173 The data from clusterProfiler needs to b...
vignettes/Pathway-Analysis.Rmd#L182 egobp.results.df <- egobp.results.df[whi...
vignettes/Pathway-Analysis.Rmd#L183 egobp.results.df <- egobp.results.df[c("...
vignettes/Pathway-Analysis.Rmd#L193 colnames(egobp.results.df) <- c("Name","...
vignettes/Pathway-Analysis.Rmd#L195 egobp.results.filename <-file.path(getwd...
vignettes/Pathway-Analysis.Rmd#L196 write.table(egobp.results.df,egobp.resul...
vignettes/Pathway-Analysis.Rmd#L210   renameNetwork("Cluster1_enrichmentmap_...
vignettes/Pathway-Analysis.Rmd#L213 Once the enrichmentmap network opens in ...
vignettes/Pathway-Analysis.Rmd#L216 That's all well and fine, but we are her...
vignettes/Pathway-Analysis.Rmd#L218 These functions will retrieve the latest...
vignettes/Pathway-Analysis.Rmd#L234 For some reason, *enricher* doesn't auto...
vignettes/Pathway-Analysis.Rmd#L260 Interesting... Almost twice as many down...
vignettes/Pathway-Analysis.Rmd#L262 *BONUS:* What we just did is also refere...
vignettes/Pathway-Analysis.Rmd#L268 sig.lung.expr.entrez<-merge(lung.expr, b...
vignettes/Pathway-Analysis.Rmd#L281 gwp.sig.lung.expr.df[which(gwp.sig.lung....
vignettes/Pathway-Analysis.Rmd#L282 gwp.sig.lung.expr.df[which(gwp.sig.lung....
vignettes/Pathway-Analysis.Rmd#L285 One of the advantages of pathway analysi...
vignettes/Pathway-Analysis.Rmd#L288 Turning again to the **rWikiPathways** p...
vignettes/Pathway-Analysis.Rmd#L296 lc.pathways <- findPathwaysByText("lung ...
vignettes/Pathway-Analysis.Rmd#L302 Ok, so there are just a few human pathwa...
vignettes/Pathway-Analysis.Rmd#L309 You can also search pathways by gene ide...
vignettes/Pathway-Analysis.Rmd#L322 You can access all of the WikiPathways w...
vignettes/Pathway-Analysis.Rmd#L324 But what we really want to do next is vi...
vignettes/Pathway-Analysis.Rmd#L327 **Cytoscape** is a popular network visua...
vignettes/Pathway-Analysis.Rmd#L329 We have the **RCy3** package loaded alre...
vignettes/Pathway-Analysis.Rmd#L335 If you've got everything loaded and runn...
vignettes/Pathway-Analysis.Rmd#L340 There it is! The latest approved version...
vignettes/Pathway-Analysis.Rmd#L345 Let's load the same data we used in the ...
vignettes/Pathway-Analysis.Rmd#L347 loadTableData(lung.expr, data.key.column...
vignettes/Pathway-Analysis.Rmd#L349 *Note:* If you get an error, the "Ensemb...
vignettes/Pathway-Analysis.Rmd#L350 **loadTableData(lung.expr, data.key.colu...
vignettes/Pathway-Analysis.Rmd#L353 Now we can define visual styles to visua...
vignettes/Pathway-Analysis.Rmd#L356 setNodeColorMapping("log2FC", colors=pal...
vignettes/Pathway-Analysis.Rmd#L359 You can similarly map P-values to border...
vignettes/Pathway-Analysis.Rmd#L361 The power of scripting is in doing somet...
vignettes/Pathway-Analysis.Rmd#L365     loadTableData(lung.expr, data.key.co...
vignettes/Pathway-Analysis.Rmd#L370 *BONUS: What about those lung cancer pat...
vignettes/Pathway-Analysis.Rmd#L374     loadTableData(lung.expr, data.key.co...
vignettes/Pathway-Analysis.Rmd#L380 Now that our pathways are loaded into Cy...
vignettes/Pathway-Analysis.Rmd#L382 In this vignette, we will use the *CyTar...
vignettes/Pathway-Analysis.Rmd#L384 First, let's reimport our pathway *as a ...
vignettes/Pathway-Analysis.Rmd#L387 loadTableData(lung.expr, data.key.column...
vignettes/Pathway-Analysis.Rmd#L388 setNodeColorMapping("log2FC", data.value...
vignettes/Pathway-Analysis.Rmd#L391 See the difference?  Same data, same pat...
vignettes/Pathway-Analysis.Rmd#L393 Next, we need to load the latest drug-ta...
vignettes/Pathway-Analysis.Rmd#L396 unzip(system.file("extdata","drugbank-5....
vignettes/Pathway-Analysis.Rmd#L400 Now that we have our *drugbank* linkset ...
vignettes/Pathway-Analysis.Rmd#L402 commandsRun(paste0('cytargetlinker exten...
vignettes/Pathway-Analysis.Rmd#L405 This returns information about what was ...
vignettes/Pathway-Analysis.Rmd#L407 ...Hmm, they are kind of plain and hard ...
vignettes/Pathway-Analysis.Rmd#L409 my.drugs <- selectNodes("drug", by.col =...
vignettes/Pathway-Analysis.Rmd#L416 mapply(function(x,y) setNodeLabelBypass(...
vignettes/Pathway-Analysis.Rmd#L419 Now we have drugs labeled as purple hexa...
vignettes/Pathway-Analysis.Rmd#L422 Last, but not least, be sure to save you...
vignettes/Pathway-Analysis.Rmd#L428 Session files save everything that is in...
vignettes/Pathway-Analysis.Rmd#L432 Note: If you don’t specify a complete pa...
vignettes/Pathway-Analysis.Rmd#L434 You can export extremely high resolution...
vignettes/Pathway-Analysis.Rmd#L437 exportImage('tutorial_image2', type='PNG...
vignettes/Pathway-Analysis.Rmd#L441 And with so many libraries involved, it'...
vignettes/rWikiPathways-and-BridgeDbR.Rmd#L 32 *WikiPathways* is a well-known repositor...
vignettes/rWikiPathways-and-BridgeDbR.Rmd#L 34 **R** is a powerful programming language...
vignettes/rWikiPathways-and-BridgeDbR.Rmd#L 36 *rWikiPathways* leverages the WikiPathwa...
vignettes/rWikiPathways-and-BridgeDbR.Rmd#L 38 *[BridgeDbR](https://doi.org/doi:10.1812...
vignettes/rWikiPathways-and-BridgeDbR.Rmd#L 40 Together, *BridgeDbR* provides convience...
vignettes/rWikiPathways-and-BridgeDbR.Rmd#L 44 In addition to this **rWikiPathways** pa...
vignettes/rWikiPathways-and-BridgeDbR.Rmd#L 62 Lets first check some of the most basic ...
vignettes/rWikiPathways-and-BridgeDbR.Rmd#L 69 You should see 30 or more species listed...
vignettes/rWikiPathways-and-BridgeDbR.Rmd#L 71 However, some function want the organism...
vignettes/rWikiPathways-and-BridgeDbR.Rmd#L 77 Even more obscure are the various dataso...
vignettes/rWikiPathways-and-BridgeDbR.Rmd#L 89 It's "L" because the resource used to be...
vignettes/rWikiPathways-and-BridgeDbR.Rmd#L 93 Here are some specific combo functions t...
vignettes/rWikiPathways-and-BridgeDbR.Rmd#L 98     tnf.pathways <- findPathwayIdsByXref...
vignettes/rWikiPathways-and-BridgeDbR.Rmd#L114 And if you ever find yourself with a sys...
vignettes/rWikiPathways-and-RCy3.Rmd#L 24 *WikiPathways* is a well-known repositor...
vignettes/rWikiPathways-and-RCy3.Rmd#L 26 **R** is a powerful programming language...
vignettes/rWikiPathways-and-RCy3.Rmd#L 28 *rWikiPathways* leverages the WikiPathwa...
vignettes/rWikiPathways-and-RCy3.Rmd#L 30 *RCy3* leverages the CyREST API to provi...
vignettes/rWikiPathways-and-RCy3.Rmd#L 34 In addition to this **rWikiPathways** pa...
vignettes/rWikiPathways-and-RCy3.Rmd#L 56 The whole point of RCy3 is to connect wi...
vignettes/rWikiPathways-and-RCy3.Rmd#L 66 For this vignette, you'll also need the ...
vignettes/rWikiPathways-and-RCy3.Rmd#L 74 Ok, with all of these components loaded ...
vignettes/rWikiPathways-and-RCy3.Rmd#L 82 We have a list of human pathways that me...
vignettes/rWikiPathways-and-RCy3.Rmd#L 92 Once in Cytoscape, you can load data, ap...
vignettes/rWikiPathways-and-RCy3.Rmd#L 95 If you are already with with networks an...
vignettes/rWikiPathways-and-RCy3.Rmd#L 97 For example, let's open a sample network...
vignettes/rWikiPathways-and-RCy3.Rmd#L 99 **Note: this next chunk will overwrite y...
vignettes/rWikiPathways-and-RCy3.Rmd#L106 Great. It looks like MCM1 has the larget...
vignettes/rWikiPathways-and-RCy3.Rmd#L108 *Pro-tip: We need to know the datasource...
vignettes/rWikiPathways-and-RCy3.Rmd#L114 And we can easily select the MCM1 node b...
* NOTE: Consider multiples of 4 spaces for line indents; 57 lines (2%) are not.
First few lines:
R/downloadPathwayArchive.R#L 46                                followloc...
R/getPathwayInfo.R#L 19        res.df <- dplyr::filter(res.df, i...
R/getXrefList.R#L 41                            pathway,"/",...
R/getXrefList.R#L 42                            pathway,"-dat...
R/readPathwayGMT.R#L 24   x <- readLines(file)...
R/readPathwayGMT.R#L 25   res <- strsplit(x, "\t")...
R/readPathwayGMT.R#L 26   names(res) <- vapply(res, function(y) ...
R/readPathwayGMT.R#L 27   res <- lapply(res, "[", -c(1:2))...
R/readPathwayGMT.R#L 28   ...
R/readPathwayGMT.R#L 29   wp2gene <- stack(res)...
R/readPathwayGMT.R#L 30   wp2gene <- wp2gene[, c("ind", "values"...
R/readPathwayGMT.R#L 31   colnames(wp2gene) <- c("pathway", "gen...
R/readPathwayGMT.R#L 32   wp2gene <- tidyr::separate(wp2gene, pa...
R/readPathwayGMT.R#L 33   return(wp2gene)...
R/utilities.R#L 70                       res$status_code, U...
man/downloadPathwayArchive.Rd#L  8   date = "current",...
man/downloadPathwayArchive.Rd#L  9   organism = NULL,...
man/downloadPathwayArchive.Rd#L 10   format = c("gpml", "gmt", "svg"),...
man/downloadPathwayArchive.Rd#L 11   destpath = "./"...
man/findPathwaysByXref.Rd#L 25  and system code....
man/getXrefList.Rd#L 21  1215}...
man/readPathwayGMT.Rd#L 34  \url{https://github.com/YuLab-SMU/clust...
man/wikipathwaysGET.Rd#L  8   operation,...
man/wikipathwaysGET.Rd#L  9   parameters = NULL,...
man/wikipathwaysGET.Rd#L 10   format = c("json", "xml", "html", "jpg...
man/wikipathwaysGET.Rd#L 11   base.url = .baseUrl...
man/writeGMT.Rd#L 40  \url{https://github.com/WubingZhang/MAG...
vignettes/Overview.Rmd#L  3   eval=FALSE...
vignettes/Pathway-Analysis.Rmd#L  3   eval=FALSE...
vignettes/Pathway-Analysis.Rmd#L 26   "DOSE",...
vignettes/Pathway-Analysis.Rmd#L 27   "GO.db",...
vignettes/Pathway-Analysis.Rmd#L 28   "GSEABase",...
vignettes/Pathway-Analysis.Rmd#L 29   "org.Hs.eg.db",...
vignettes/Pathway-Analysis.Rmd#L 30   "clusterProfiler",...
vignettes/Pathway-Analysis.Rmd#L 31   "dplyr",...
vignettes/Pathway-Analysis.Rmd#L 32   "tidyr",...
vignettes/Pathway-Analysis.Rmd#L 33   "ggplot2",...
vignettes/Pathway-Analysis.Rmd#L 34   "stringr",...
vignettes/Pathway-Analysis.Rmd#L 35   "RColorBrewer",...
vignettes/Pathway-Analysis.Rmd#L 36   "rWikiPathways",...
vignettes/Pathway-Analysis.Rmd#L 37   "RCy3")...
vignettes/Pathway-Analysis.Rmd#L184                    'pvalue=',"0.05", 'qv...
vignettes/Pathway-Analysis.Rmd#L185                    'similaritycutoff=',"...
vignettes/Pathway-Analysis.Rmd#L186                    'coeffecients=',"JACC...
vignettes/Pathway-Analysis.Rmd#L187                    'enrichmentsDataset1=...
vignettes/Pathway-Analysis.Rmd#L188                    sep=" ")...
vignettes/Pathway-Analysis.Rmd#L190   #enrichment map command will return th...
vignettes/Pathway-Analysis.Rmd#L191   em_network_suid <- commandsRun(em_comm...
vignettes/Pathway-Analysis.Rmd#L192   ...
vignettes/Pathway-Analysis.Rmd#L193   renameNetwork("Cluster1_enrichmentmap_...
vignettes/Pathway-Analysis.Rmd#L239  ewp.dn <- setReadable(ewp.dn, org.Hs.eg...
vignettes/Pathway-Analysis.Rmd#L240  head(ewp.dn)...
vignettes/Pathway-Analysis.Rmd#L241  dotplot(ewp.dn, showCategory = 20)...
vignettes/Pathway-Analysis.Rmd#L281   dplyr::filter(species == "Homo sapiens...
vignettes/rWikiPathways-and-BridgeDbR.Rmd#L  3   eval=FALSE...
vignettes/rWikiPathways-and-RCy3.Rmd#L  3   eval=FALSE...
vignettes/rWikiPathways-and-RCy3.Rmd#L 62   dplyr::filter(species == "Homo sapiens...
* Checking if package already exists in CRAN... OK
* Checking for bioc-devel mailing list subscription...
* NOTE: Cannot determine whether maintainer is subscribed to the Bioc-Devel mailing list (requires admin credentials). Subscribe here: https://stat.ethz.ch/mailman/listinfo/bioc-devel
* Checking for support site registration... OK
